2023-12-12 18:04:39 INFO  JavaFxApplication:51 - Started application
2023-12-12 18:06:43 INFO  JavaFxApplication:43 - Ended application
2023-12-12 18:10:08 INFO  JavaFxApplication:51 - Started application
2023-12-12 18:10:11 ERROR LoginController:69 - Username and password cannot be empty
2023-12-12 18:10:16 ERROR LoginController:69 - User with this credentials not found
2023-12-12 18:10:22 INFO  LoginController:66 - Successful logging in
2023-12-12 18:10:23 INFO  JavaFxApplication:43 - Ended application
2023-12-23 10:58:27 INFO  JavaFxApplication:51 - Started application
2023-12-23 11:00:56 INFO  LoginController:64 - Successful logging in
2023-12-23 11:01:05 INFO  JavaFxApplication:43 - Ended application
2023-12-23 11:02:04 INFO  JavaFxApplication:51 - Started application
2023-12-23 11:03:04 INFO  JavaFxApplication:51 - Started application
2023-12-23 11:03:18 INFO  LoginController:64 - Successful logging in
2023-12-23 11:03:32 INFO  ForgotPasswordController:49 - Successful generated new password
2023-12-23 11:03:42 INFO  LoginController:64 - Successful logging in
2023-12-23 11:04:01 INFO  JavaFxApplication:43 - Ended application
2023-12-23 11:09:47 INFO  JavaFxApplication:51 - Started application
2023-12-23 11:13:37 INFO  JavaFxApplication:43 - Ended application
2023-12-23 21:09:17 INFO  JavaFxApplication:51 - Started application
2023-12-23 21:09:34 INFO  JavaFxApplication:43 - Ended application
2023-12-24 17:05:11 INFO  JavaFxApplication:51 - Started application
2023-12-24 17:05:46 INFO  LoginController:64 - Successful logging in
2023-12-24 17:05:48 INFO  JavaFxApplication:43 - Ended application
2023-12-28 10:38:17 INFO  JavaFxApplication:51 - Started application
2023-12-28 10:38:42 ERROR LoginController:67 - User with this credentials not found
2023-12-28 10:38:55 INFO  LoginController:64 - Successful logging in
2023-12-28 10:39:04 INFO  JavaFxApplication:43 - Ended application
2023-12-28 10:47:11 INFO  JavaFxApplication:51 - Started application
2023-12-28 10:47:18 ERROR LoginController:67 - User with this credentials not found
2023-12-28 10:47:22 INFO  JavaFxApplication:43 - Ended application
2023-12-28 10:47:36 INFO  JavaFxApplication:51 - Started application
2023-12-28 10:47:42 ERROR LoginController:67 - User with this credentials not found
2023-12-28 10:48:11 INFO  LoginController:64 - Successful logging in
2023-12-28 10:48:21 INFO  LoginController:64 - Successful logging in
2023-12-28 10:48:37 INFO  LoginController:64 - Successful logging in
2023-12-28 10:48:42 INFO  JavaFxApplication:43 - Ended application
2023-12-28 11:13:32 INFO  JavaFxApplication:51 - Started application
2023-12-28 11:13:39 INFO  LoginController:64 - Successful logging in
2023-12-28 11:13:46 INFO  JavaFxApplication:43 - Ended application
2023-12-28 11:22:57 INFO  JavaFxApplication:51 - Started application
2023-12-28 11:23:04 INFO  LoginController:64 - Successful logging in
2023-12-28 11:23:15 INFO  LoginController:64 - Successful logging in
2023-12-28 11:28:19 INFO  JavaFxApplication:51 - Started application
2023-12-28 11:28:28 INFO  LoginController:64 - Successful logging in
2023-12-28 11:28:36 INFO  LoginController:64 - Successful logging in
2023-12-28 11:28:45 INFO  LoginController:64 - Successful logging in
2023-12-28 11:28:52 INFO  LoginController:64 - Successful logging in
2023-12-28 11:29:01 INFO  LoginController:64 - Successful logging in
2023-12-28 11:29:44 INFO  JavaFxApplication:43 - Ended application
2023-12-28 12:32:49 INFO  JavaFxApplication:51 - Started application
2023-12-28 12:33:00 ERROR LoginController:69 - 
/D:/5%20semestar/TicketCenter/ui/target/classes/fxmls/homePage.fxml

2023-12-28 12:33:44 INFO  JavaFxApplication:51 - Started application
2023-12-28 12:33:51 ERROR LoginController:69 - 
/D:/5%20semestar/TicketCenter/ui/target/classes/fxmls/homePage.fxml

2023-12-28 15:07:05 INFO  JavaFxApplication:51 - Started application
2023-12-28 15:07:17 ERROR LoginController:69 - 
/D:/5%20semestar/TicketCenter/ui/target/classes/fxmls/homePage.fxml

2023-12-28 15:07:19 INFO  JavaFxApplication:43 - Ended application
2023-12-28 15:08:50 INFO  JavaFxApplication:51 - Started application
2023-12-28 15:08:57 ERROR LoginController:69 - 
/D:/5%20semestar/TicketCenter/ui/target/classes/fxmls/homePage.fxml

2023-12-28 15:12:34 INFO  JavaFxApplication:51 - Started application
2023-12-28 15:12:41 ERROR LoginController:69 - 
/D:/5%20semestar/TicketCenter/ui/target/classes/fxmls/homePage.fxml

2023-12-28 15:13:39 INFO  JavaFxApplication:51 - Started application
2023-12-28 15:13:47 ERROR LoginController:69 - 
/D:/5%20semestar/TicketCenter/ui/target/classes/fxmls/homePage.fxml

2023-12-28 15:14:57 INFO  JavaFxApplication:51 - Started application
2023-12-28 15:15:04 ERROR LoginController:69 - 
/D:/5%20semestar/TicketCenter/ui/target/classes/fxmls/homePage.fxml

2023-12-28 15:15:11 INFO  JavaFxApplication:43 - Ended application
2023-12-28 15:16:21 INFO  JavaFxApplication:51 - Started application
2023-12-28 15:16:28 ERROR LoginController:69 - 
/D:/5%20semestar/TicketCenter/ui/target/classes/fxmls/homePage.fxml

2023-12-28 15:16:30 INFO  JavaFxApplication:43 - Ended application
2023-12-28 15:19:16 INFO  JavaFxApplication:51 - Started application
2023-12-28 15:19:23 ERROR LoginController:69 - 
/D:/5%20semestar/TicketCenter/ui/target/classes/fxmls/homePage.fxml

2023-12-28 15:19:32 ERROR LoginController:69 - 
/D:/5%20semestar/TicketCenter/ui/target/classes/fxmls/homePage.fxml

2023-12-28 15:19:34 INFO  JavaFxApplication:43 - Ended application
2023-12-28 15:23:36 INFO  JavaFxApplication:51 - Started application
2023-12-28 15:24:58 ERROR LoginController:69 - 
/D:/5%20semestar/TicketCenter/ui/target/classes/fxmls/homePage.fxml

2023-12-28 15:31:24 INFO  JavaFxApplication:51 - Started application
2023-12-28 15:31:35 ERROR LoginController:69 - 
/D:/5%20semestar/TicketCenter/ui/target/classes/fxmls/homePage.fxml

2023-12-28 15:32:56 INFO  JavaFxApplication:51 - Started application
2023-12-28 15:33:06 ERROR LoginController:69 - 
/D:/5%20semestar/TicketCenter/ui/target/classes/fxmls/homePage.fxml

2023-12-28 15:38:27 INFO  JavaFxApplication:51 - Started application
2023-12-28 15:38:34 ERROR LoginController:69 - 
/D:/5%20semestar/TicketCenter/ui/target/classes/fxmls/homePage.fxml

2023-12-28 15:38:51 INFO  JavaFxApplication:51 - Started application
2023-12-28 15:38:57 ERROR LoginController:69 - 
/D:/5%20semestar/TicketCenter/ui/target/classes/fxmls/homePage.fxml

2023-12-28 15:41:36 INFO  JavaFxApplication:51 - Started application
2023-12-28 15:41:43 ERROR LoginController:69 - 
/D:/5%20semestar/TicketCenter/ui/target/classes/fxmls/homePage.fxml

2023-12-28 15:42:00 INFO  JavaFxApplication:51 - Started application
2023-12-28 15:42:10 ERROR LoginController:69 - 
/D:/5%20semestar/TicketCenter/ui/target/classes/fxmls/homePage.fxml

2023-12-28 15:42:13 INFO  JavaFxApplication:43 - Ended application
2023-12-28 15:43:41 INFO  JavaFxApplication:51 - Started application
2023-12-28 15:43:47 ERROR LoginController:69 - 
/D:/5%20semestar/TicketCenter/ui/target/classes/fxmls/homePage.fxml

2023-12-28 15:50:14 INFO  JavaFxApplication:51 - Started application
2023-12-28 15:50:21 ERROR LoginController:69 - 
/D:/5%20semestar/TicketCenter/ui/target/classes/fxmls/homePage.fxml

2023-12-28 15:51:09 INFO  JavaFxApplication:51 - Started application
2023-12-28 15:51:20 ERROR LoginController:69 - 
/D:/5%20semestar/TicketCenter/ui/target/classes/fxmls/homePage.fxml

2023-12-28 15:51:25 INFO  JavaFxApplication:43 - Ended application
2023-12-28 15:55:11 INFO  JavaFxApplication:51 - Started application
2023-12-28 15:55:18 ERROR LoginController:69 - 
/D:/5%20semestar/TicketCenter/ui/target/classes/fxmls/homePage.fxml

2023-12-28 15:56:35 INFO  JavaFxApplication:51 - Started application
2023-12-28 15:56:43 ERROR LoginController:69 - 
/D:/5%20semestar/TicketCenter/ui/target/classes/fxmls/homePage.fxml

2023-12-28 16:01:19 INFO  JavaFxApplication:51 - Started application
2023-12-28 16:01:27 INFO  LoginController:64 - Successful logging in
2023-12-28 16:01:55 INFO  JavaFxApplication:43 - Ended application
2023-12-28 16:03:36 INFO  JavaFxApplication:51 - Started application
2023-12-28 16:03:43 INFO  LoginController:64 - Successful logging in
2023-12-28 16:04:04 INFO  JavaFxApplication:43 - Ended application
2023-12-28 16:08:09 INFO  JavaFxApplication:51 - Started application
2023-12-28 16:08:17 INFO  LoginController:64 - Successful logging in
2023-12-28 16:10:44 INFO  JavaFxApplication:51 - Started application
2023-12-28 16:10:52 INFO  LoginController:64 - Successful logging in
2023-12-28 16:11:11 INFO  LoginController:64 - Successful logging in
2023-12-28 16:11:20 INFO  JavaFxApplication:43 - Ended application
2023-12-28 16:14:29 INFO  JavaFxApplication:51 - Started application
2023-12-28 16:14:35 INFO  LoginController:64 - Successful logging in
2023-12-28 16:14:52 INFO  JavaFxApplication:43 - Ended application
2023-12-28 16:15:11 INFO  JavaFxApplication:51 - Started application
2023-12-28 16:15:21 INFO  LoginController:64 - Successful logging in
2023-12-28 16:15:42 INFO  JavaFxApplication:43 - Ended application
2023-12-28 16:15:51 INFO  JavaFxApplication:51 - Started application
2023-12-28 16:16:04 INFO  LoginController:64 - Successful logging in
2023-12-28 23:08:07 INFO  JavaFxApplication:51 - Started application
2023-12-28 23:08:15 ERROR LoginController:69 - 
/D:/5%20semestar/TicketCenter/ui/target/classes/fxmls/homePage.fxml

2023-12-28 23:08:17 INFO  JavaFxApplication:43 - Ended application
2023-12-28 23:11:14 INFO  JavaFxApplication:51 - Started application
2023-12-28 23:11:21 INFO  LoginController:64 - Successful logging in
2023-12-28 23:14:16 INFO  JavaFxApplication:51 - Started application
2023-12-28 23:15:24 INFO  JavaFxApplication:51 - Started application
2023-12-28 23:15:33 INFO  LoginController:64 - Successful logging in
2023-12-28 23:16:20 INFO  JavaFxApplication:51 - Started application
2023-12-28 23:16:27 INFO  LoginController:64 - Successful logging in
2023-12-28 23:16:57 INFO  JavaFxApplication:43 - Ended application
2023-12-28 23:17:28 INFO  JavaFxApplication:51 - Started application
2023-12-28 23:17:37 INFO  LoginController:64 - Successful logging in
2023-12-28 23:22:19 INFO  JavaFxApplication:51 - Started application
2023-12-28 23:22:26 INFO  LoginController:64 - Successful logging in
2023-12-28 23:22:46 INFO  JavaFxApplication:43 - Ended application
2023-12-28 23:24:01 INFO  JavaFxApplication:51 - Started application
2023-12-28 23:24:08 INFO  LoginController:64 - Successful logging in
2023-12-28 23:24:24 INFO  JavaFxApplication:43 - Ended application
2023-12-28 23:24:33 INFO  JavaFxApplication:51 - Started application
2023-12-28 23:24:40 INFO  LoginController:64 - Successful logging in
2023-12-28 23:24:48 INFO  JavaFxApplication:43 - Ended application
2023-12-28 23:24:57 INFO  JavaFxApplication:51 - Started application
2023-12-28 23:25:04 INFO  LoginController:64 - Successful logging in
2023-12-28 23:25:06 INFO  JavaFxApplication:43 - Ended application
2023-12-29 21:54:18 INFO  JavaFxApplication:51 - Started application
2023-12-29 21:54:57 INFO  LoginController:64 - Successful logging in
2023-12-29 21:56:04 INFO  LoginController:64 - Successful logging in
2023-12-29 21:57:01 INFO  ForgotPasswordController:49 - Successful generated new password
2023-12-29 21:57:20 ERROR LoginController:67 - User with this credentials not found
2023-12-29 21:57:25 INFO  LoginController:64 - Successful logging in
2023-12-29 21:57:31 INFO  JavaFxApplication:43 - Ended application
2024-01-03 09:51:36 INFO  JavaFxApplication:51 - Started application
2024-01-03 09:51:43 INFO  LoginController:64 - Successful logging in
2024-01-03 09:52:00 INFO  JavaFxApplication:43 - Ended application
2024-01-03 10:10:44 INFO  JavaFxApplication:51 - Started application
2024-01-03 10:10:51 ERROR LoginController:69 - 
/D:/5%20semestar/TicketCenter/ui/target/classes/fxmls/homePage.fxml

2024-01-03 10:11:33 INFO  JavaFxApplication:43 - Ended application
2024-01-03 10:16:26 INFO  JavaFxApplication:51 - Started application
2024-01-03 10:16:31 ERROR LoginController:69 - 
/D:/5%20semestar/TicketCenter/ui/target/classes/fxmls/homePage.fxml

2024-01-03 10:19:38 INFO  JavaFxApplication:51 - Started application
2024-01-03 10:19:43 INFO  LoginController:64 - Successful logging in
2024-01-03 10:20:50 INFO  JavaFxApplication:43 - Ended application
2024-01-03 10:25:34 INFO  JavaFxApplication:51 - Started application
2024-01-03 10:25:44 INFO  LoginController:64 - Successful logging in
2024-01-03 10:26:09 INFO  JavaFxApplication:43 - Ended application
2024-01-03 10:26:35 INFO  JavaFxApplication:51 - Started application
2024-01-03 10:26:41 INFO  LoginController:64 - Successful logging in
2024-01-03 10:27:34 INFO  JavaFxApplication:43 - Ended application
2024-01-03 10:28:07 INFO  JavaFxApplication:51 - Started application
2024-01-03 10:28:14 INFO  LoginController:64 - Successful logging in
2024-01-03 10:28:48 INFO  JavaFxApplication:43 - Ended application
2024-01-03 10:45:23 INFO  JavaFxApplication:51 - Started application
2024-01-03 10:45:24 INFO  JavaFxApplication:43 - Ended application
2024-01-03 10:46:27 INFO  JavaFxApplication:51 - Started application
2024-01-03 10:46:34 INFO  LoginController:64 - Successful logging in
2024-01-03 10:47:07 INFO  JavaFxApplication:43 - Ended application
2024-01-03 10:51:42 INFO  JavaFxApplication:51 - Started application
2024-01-03 10:51:52 INFO  LoginController:64 - Successful logging in
2024-01-03 10:51:59 INFO  JavaFxApplication:43 - Ended application
2024-01-03 10:59:20 INFO  JavaFxApplication:51 - Started application
2024-01-03 10:59:29 INFO  LoginController:64 - Successful logging in
2024-01-03 11:37:42 INFO  JavaFxApplication:51 - Started application
2024-01-03 11:38:05 INFO  LoginController:64 - Successful logging in
2024-01-03 11:38:54 INFO  JavaFxApplication:51 - Started application
2024-01-03 11:39:39 INFO  LoginController:64 - Successful logging in
2024-01-03 11:41:38 INFO  JavaFxApplication:51 - Started application
2024-01-03 11:41:48 INFO  LoginController:64 - Successful logging in
2024-01-03 11:42:08 INFO  JavaFxApplication:51 - Started application
2024-01-03 11:42:20 INFO  LoginController:64 - Successful logging in
2024-01-03 11:46:40 INFO  JavaFxApplication:51 - Started application
2024-01-03 11:46:49 INFO  LoginController:64 - Successful logging in
2024-01-03 11:55:39 INFO  JavaFxApplication:51 - Started application
2024-01-03 11:57:53 INFO  LoginController:64 - Successful logging in
2024-01-03 12:00:29 INFO  JavaFxApplication:51 - Started application
2024-01-03 12:00:42 INFO  LoginController:64 - Successful logging in
2024-01-03 12:03:08 INFO  JavaFxApplication:51 - Started application
2024-01-03 12:03:21 INFO  LoginController:64 - Successful logging in
2024-01-04 17:11:07 INFO  JavaFxApplication:51 - Started application
2024-01-04 17:11:25 INFO  LoginController:64 - Successful logging in
2024-01-04 17:11:30 INFO  JavaFxApplication:43 - Ended application
2024-01-04 17:27:19 INFO  JavaFxApplication:51 - Started application
2024-01-04 17:27:25 INFO  LoginController:64 - Successful logging in
2024-01-04 17:27:46 INFO  JavaFxApplication:43 - Ended application
2024-01-04 17:30:20 INFO  JavaFxApplication:51 - Started application
2024-01-04 17:30:27 INFO  LoginController:64 - Successful logging in
2024-01-04 17:40:27 INFO  JavaFxApplication:51 - Started application
2024-01-04 17:40:37 INFO  LoginController:64 - Successful logging in
2024-01-04 17:41:44 INFO  JavaFxApplication:51 - Started application
2024-01-04 17:41:53 INFO  LoginController:64 - Successful logging in
2024-01-04 17:42:51 INFO  JavaFxApplication:51 - Started application
2024-01-04 17:44:01 INFO  LoginController:64 - Successful logging in
2024-01-04 17:54:33 INFO  JavaFxApplication:51 - Started application
2024-01-04 17:54:41 INFO  LoginController:64 - Successful logging in
2024-01-04 17:55:30 INFO  JavaFxApplication:51 - Started application
2024-01-04 17:55:40 INFO  LoginController:64 - Successful logging in
2024-01-04 17:58:04 INFO  JavaFxApplication:51 - Started application
2024-01-04 17:58:11 INFO  LoginController:64 - Successful logging in
2024-01-04 18:01:11 INFO  JavaFxApplication:51 - Started application
2024-01-04 18:04:44 INFO  JavaFxApplication:51 - Started application
2024-01-04 18:10:24 INFO  JavaFxApplication:51 - Started application
2024-01-04 18:10:56 INFO  JavaFxApplication:51 - Started application
2024-01-04 18:12:44 INFO  JavaFxApplication:51 - Started application
2024-01-04 18:26:57 INFO  JavaFxApplication:51 - Started application
2024-01-04 18:27:13 INFO  LoginController:64 - Successful logging in
2024-01-05 09:26:03 INFO  JavaFxApplication:51 - Started application
2024-01-05 09:26:16 INFO  LoginController:64 - Successful logging in
2024-01-05 09:32:58 INFO  JavaFxApplication:51 - Started application
2024-01-05 09:33:05 INFO  LoginController:64 - Successful logging in
2024-01-05 09:34:32 INFO  JavaFxApplication:51 - Started application
2024-01-05 09:34:39 INFO  LoginController:64 - Successful logging in
2024-01-05 09:35:10 INFO  JavaFxApplication:51 - Started application
2024-01-05 09:35:18 INFO  LoginController:64 - Successful logging in
2024-01-05 09:36:31 INFO  JavaFxApplication:51 - Started application
2024-01-05 09:36:38 INFO  LoginController:64 - Successful logging in
2024-01-05 09:40:26 INFO  JavaFxApplication:51 - Started application
2024-01-05 09:40:32 INFO  LoginController:64 - Successful logging in
2024-01-05 09:41:40 INFO  JavaFxApplication:51 - Started application
2024-01-05 09:41:48 INFO  LoginController:64 - Successful logging in
2024-01-05 09:41:59 INFO  JavaFxApplication:43 - Ended application
2024-01-05 09:42:35 INFO  JavaFxApplication:51 - Started application
2024-01-05 09:42:42 INFO  LoginController:64 - Successful logging in
2024-01-05 09:44:10 INFO  JavaFxApplication:51 - Started application
2024-01-05 09:44:16 INFO  LoginController:64 - Successful logging in
2024-01-05 09:44:25 INFO  JavaFxApplication:43 - Ended application
2024-01-05 09:45:14 INFO  JavaFxApplication:51 - Started application
2024-01-05 09:45:20 INFO  LoginController:64 - Successful logging in
2024-01-05 09:45:43 INFO  JavaFxApplication:43 - Ended application
2024-01-05 09:50:52 INFO  JavaFxApplication:51 - Started application
2024-01-05 09:50:58 INFO  LoginController:64 - Successful logging in
2024-01-05 09:52:52 INFO  JavaFxApplication:51 - Started application
2024-01-05 09:53:19 INFO  LoginController:64 - Successful logging in
2024-01-05 09:53:53 INFO  JavaFxApplication:51 - Started application
2024-01-05 09:54:02 INFO  LoginController:64 - Successful logging in
2024-01-05 09:57:05 INFO  JavaFxApplication:51 - Started application
2024-01-05 09:57:13 INFO  LoginController:64 - Successful logging in
2024-01-05 09:58:43 INFO  JavaFxApplication:51 - Started application
2024-01-05 09:58:56 INFO  LoginController:64 - Successful logging in
2024-01-05 09:59:23 INFO  JavaFxApplication:43 - Ended application
2024-01-05 10:01:51 INFO  JavaFxApplication:51 - Started application
2024-01-05 10:02:05 INFO  LoginController:64 - Successful logging in
2024-01-05 10:02:11 INFO  JavaFxApplication:43 - Ended application
2024-01-05 10:18:25 INFO  JavaFxApplication:51 - Started application
2024-01-05 10:18:34 INFO  LoginController:64 - Successful logging in
2024-01-05 10:19:14 INFO  JavaFxApplication:51 - Started application
2024-01-05 10:19:25 INFO  LoginController:64 - Successful logging in
2024-01-05 10:24:30 INFO  JavaFxApplication:51 - Started application
2024-01-05 10:24:46 INFO  LoginController:64 - Successful logging in
2024-01-05 10:29:55 INFO  JavaFxApplication:51 - Started application
2024-01-05 10:30:09 INFO  LoginController:64 - Successful logging in
2024-01-05 10:50:35 INFO  JavaFxApplication:51 - Started application
2024-01-05 10:50:46 INFO  LoginController:64 - Successful logging in
2024-01-05 10:53:10 INFO  JavaFxApplication:51 - Started application
2024-01-05 10:53:20 INFO  LoginController:64 - Successful logging in
2024-01-05 10:55:49 INFO  JavaFxApplication:51 - Started application
2024-01-05 10:56:01 INFO  LoginController:64 - Successful logging in
2024-01-05 11:16:11 INFO  JavaFxApplication:51 - Started application
2024-01-05 11:16:21 INFO  LoginController:64 - Successful logging in
2024-01-05 11:21:33 INFO  JavaFxApplication:51 - Started application
2024-01-05 11:21:46 INFO  LoginController:64 - Successful logging in
2024-01-05 11:24:45 INFO  JavaFxApplication:51 - Started application
2024-01-05 11:24:53 INFO  LoginController:64 - Successful logging in
2024-01-05 11:31:39 INFO  JavaFxApplication:51 - Started application
2024-01-05 11:31:48 INFO  LoginController:64 - Successful logging in
2024-01-05 11:54:15 INFO  JavaFxApplication:51 - Started application
2024-01-05 11:54:26 INFO  LoginController:64 - Successful logging in
2024-01-05 11:59:37 INFO  JavaFxApplication:43 - Ended application
2024-01-05 12:08:46 INFO  JavaFxApplication:51 - Started application
2024-01-05 12:10:49 INFO  LoginController:64 - Successful logging in
